0 info it worked if it ends with ok
1 verbose cli [ 'node', '/usr/local/bin/npm', 'publish' ]
2 info using npm@1.4.28
3 info using node@v0.10.35
4 verbose publish [ '.' ]
5 verbose cache add [ '.', null ]
6 verbose cache add name=undefined spec="." args=[".",null]
7 verbose parsed url { protocol: null,
7 verbose parsed url   slashes: null,
7 verbose parsed url   auth: null,
7 verbose parsed url   host: null,
7 verbose parsed url   port: null,
7 verbose parsed url   hostname: null,
7 verbose parsed url   hash: null,
7 verbose parsed url   search: null,
7 verbose parsed url   query: null,
7 verbose parsed url   pathname: '.',
7 verbose parsed url   path: '.',
7 verbose parsed url   href: '.' }
8 silly lockFile 3a52ce78- .
9 verbose lock . /Users/qrpike/.npm/3a52ce78-.lock
10 verbose tar pack [ '/Users/qrpike/.npm/spotify-downloader/0.1.1/package.tgz',
10 verbose tar pack   '.' ]
11 verbose tarball /Users/qrpike/.npm/spotify-downloader/0.1.1/package.tgz
12 verbose folder .
13 info prepublish spotify-downloader@0.1.1
14 silly lockFile 1f1177db-tar tar://.
15 verbose lock tar://. /Users/qrpike/.npm/1f1177db-tar.lock
16 silly lockFile 8111f43e-ify-downloader-0-1-1-package-tgz tar:///Users/qrpike/.npm/spotify-downloader/0.1.1/package.tgz
17 verbose lock tar:///Users/qrpike/.npm/spotify-downloader/0.1.1/package.tgz /Users/qrpike/.npm/8111f43e-ify-downloader-0-1-1-package-tgz.lock
18 silly lockFile 1f1177db-tar tar://.
19 silly lockFile 1f1177db-tar tar://.
20 silly lockFile 8111f43e-ify-downloader-0-1-1-package-tgz tar:///Users/qrpike/.npm/spotify-downloader/0.1.1/package.tgz
21 silly lockFile 8111f43e-ify-downloader-0-1-1-package-tgz tar:///Users/qrpike/.npm/spotify-downloader/0.1.1/package.tgz
22 silly lockFile 05d8bd79-spotify-downloader-0-1-1-package /Users/qrpike/.npm/spotify-downloader/0.1.1/package
23 verbose lock /Users/qrpike/.npm/spotify-downloader/0.1.1/package /Users/qrpike/.npm/05d8bd79-spotify-downloader-0-1-1-package.lock
24 silly lockFile 05d8bd79-spotify-downloader-0-1-1-package /Users/qrpike/.npm/spotify-downloader/0.1.1/package
25 silly lockFile 05d8bd79-spotify-downloader-0-1-1-package /Users/qrpike/.npm/spotify-downloader/0.1.1/package
26 silly lockFile 3a52ce78- .
27 silly lockFile 3a52ce78- .
28 silly publish { name: 'spotify-downloader',
28 silly publish   version: '0.1.1',
28 silly publish   description: 'Download spotify playlists (from spotify)',
28 silly publish   main: 'main.js',
28 silly publish   dependencies:
28 silly publish    { async: '^0.9.0',
28 silly publish      'coffee-script': '^1.9.0',
28 silly publish      colors: '^1.0.3',
28 silly publish      commander: '^2.6.0',
28 silly publish      ffmetadata: '^1.3.0',
28 silly publish      lodash: '^3.0.0',
28 silly publish      mkdirp: '^0.5.0',
28 silly publish      'spotify-web': '^1.3.0' },
28 silly publish   preferGlobal: true,
28 silly publish   bin: { 'spotify-downloader': 'main.js' },
28 silly publish   license: 'MIT',
28 silly publish   readme: '# spotify-playlist-downloader\nDownload a spotify playlist\n\nTo install:\n\t\tnpm install -g spotify-downloader\n\n\nTo use:\n\t\tspotify-downloader --help\n\n\n\nMust have:\n\t- Spotify Premium Account\n\t- Only tested on Mac OSX 10.10\n\n',
28 silly publish   readmeFilename: 'README.md',
28 silly publish   gitHead: '9f9811835f6819362775db1252f7974e42c4d1ef',
28 silly publish   _id: 'spotify-downloader@0.1.1',
28 silly publish   scripts: {},
28 silly publish   _shasum: 'dd3e261d99235a62a4b8bb64009947d05757c5ca',
28 silly publish   _from: '.' }
29 verbose request where is /spotify-downloader
30 verbose request registry https://registry.npmjs.org/
31 verbose request id 60188808b8b74912
32 verbose url raw /spotify-downloader
33 verbose url resolving [ 'https://registry.npmjs.org/', './spotify-downloader' ]
34 verbose url resolved https://registry.npmjs.org/spotify-downloader
35 verbose request where is https://registry.npmjs.org/spotify-downloader
36 info trying registry request attempt 1 at 11:25:40
37 http PUT https://registry.npmjs.org/spotify-downloader
38 http 403 https://registry.npmjs.org/spotify-downloader
39 verbose headers { date: 'Fri, 30 Jan 2015 16:25:37 GMT',
39 verbose headers   server: 'CouchDB/1.5.0 (Erlang OTP/R16B03)',
39 verbose headers   'content-type': 'application/json',
39 verbose headers   'cache-control': 'max-age=60',
39 verbose headers   'content-length': '2511',
39 verbose headers   'accept-ranges': 'bytes',
39 verbose headers   via: '1.1 varnish',
39 verbose headers   'x-served-by': 'cache-jfk1023-JFK',
39 verbose headers   'x-cache': 'MISS',
39 verbose headers   'x-cache-hits': '0',
39 verbose headers   'x-timer': 'S1422635137.171077,VS0,VE94',
39 verbose headers   'keep-alive': 'timeout=10, max=50',
39 verbose headers   connection: 'Keep-Alive' }
40 error publish Failed PUT 403
41 error Error: forbidden user: qrpike not authorized to modify spotify-downloader
41 error Changed: description "A proof-of-concept that transforms a Spotify playlist to a direct-download list" -> "Download spotify playlists (from spotify)"
41 error Changed: dist-tags.latest "0.0.1" -> "0.1.1"
41 error Added: versions.0.1.1
41 error Changed: readme "spotify-downloader\u000a==================\u000a\u000aA proof-of-concept that transforms a Spotify playlist to a direct-download list.\u000a\u000aUsage\u000a-----\u000a\u000a* Drap & drop tracks from Spotify into a text file (e.g. playlist.txt ) \u000a* Edit `./bin/spotify-downloader` and replace the `key`'s value by your own [FilesTube API key](http://www.filestube.com/api.html)\u000a* Run `cat playlist.txt | ./bin/spotify-downloader`\u000a* Done.\u000a\u000a\u000aDisclaimer\u000a----------\u000a\u000a* It's a simpley mashup, Spotify-downloader does nothing else that making a bridge between the Spotify Web API and FilesTube API.\u000a* Please don't download content that you don't have a legal right to.\u000a* If you believe I'm infringing your intellectual property somehow, please send me a proper DMCA Notice to abuse[***_at_***]fgribreau.com\u000a\u000a\u000aLicence\u000a-------\u000a\u000a              DO WHAT THE FUCK YOU WANT TO PUBLIC LICENSE\u000a                        Version 2, December 2004\u000a\u000a     Copyright (C) 2004 Sam Hocevar <sam@hocevar.net>\u000a\u000a     Everyone is permitted to copy and distribute verbatim or modified\u000a     copies of this license document, and changing it is allowed as long\u000a     as the name is changed.\u000a\u000a                DO WHAT THE FUCK YOU WANT TO PUBLIC LICENSE\u000a       TERMS AND CONDITIONS FOR COPYING, DISTRIBUTION AND MODIFICATION\u000a\u000a      0. You just DO WHAT THE FUCK YOU WANT TO.\u000a" -> "# spotify-playlist-downloader\u000aDownload a spotify playlist\u000a\u000aTo install:\u000a\u0009\u0009npm install -g spotify-downloader\u000a\u000a\u000aTo use:\u000a\u0009\u0009spotify-downloader --help\u000a\u000a\u000a\u000aMust have:\u000a\u0009- Spotify Premium Account\u000a\u0009- Only tested on Mac OSX 10.10\u000a\u000a"
41 error Changed: time.modified "2012-08-05T15:06:03.395Z" -> "2015-01-30T16:28:46.044Z"
41 error Added: time.0.1.1
41 error Deleted: author
41 error Deleted: repository
41 error Changed: readmeFilename "" -> "README.md"
41 error Deleted: homepage
41 error Deleted: keywords
41 error Changed: license "WTFPL" -> "MIT"
41 error Added: _attachments: spotify-downloader
41 error     at RegClient.<anonymous> (/usr/local/lib/node_modules/npm/node_modules/npm-registry-client/lib/request.js:308:14)
41 error     at Request._callback (/usr/local/lib/node_modules/npm/node_modules/npm-registry-client/lib/request.js:246:65)
41 error     at Request.self.callback (/usr/local/lib/node_modules/npm/node_modules/request/request.js:236:22)
41 error     at Request.emit (events.js:98:17)
41 error     at Request.<anonymous> (/usr/local/lib/node_modules/npm/node_modules/request/request.js:1142:14)
41 error     at Request.emit (events.js:117:20)
41 error     at IncomingMessage.<anonymous> (/usr/local/lib/node_modules/npm/node_modules/request/request.js:1096:12)
41 error     at IncomingMessage.emit (events.js:117:20)
41 error     at _stream_readable.js:944:16
41 error     at process._tickCallback (node.js:442:13)
42 error If you need help, you may report this *entire* log,
42 error including the npm and node versions, at:
42 error     <http://github.com/npm/npm/issues>
43 error System Darwin 14.1.0
44 error command "node" "/usr/local/bin/npm" "publish"
45 error cwd /Users/qrpike/Sites/spotify-downloader
46 error node -v v0.10.35
47 error npm -v 1.4.28
48 verbose exit [ 1, true ]
